AndroidStudioProjects/DiabeticGuard/app/build/intermediates/manifest_merge_blame_file/debug/manifest-merger-blame-debug-report.txt
1<?xml version="1.0" encoding="utf-8"?>
2<manifest xmlns:android="http://schemas.android.com/apk/res/android"
3    package="com.example.diabeticguard"
4    android:versionCode="1"
5    android:versionName="1.0" >
6
7    <uses-sdk
8        android:minSdkVersion="19"
8-->src/main/AndroidManifest.xml
9        android:targetSdkVersion="29" />
9-->src/main/AndroidManifest.xml
10
11    <uses-permission android:name="android.permission.INTERNET" />
11-->src/main/AndroidManifest.xml:5:5-67
11-->src/main/AndroidManifest.xml:5:22-64
12
13    <!-- Although the *SdkVersion is captured in gradle build files, this is required for non gradle builds -->
14    <!-- <uses-sdk android:minSdkVersion="14"/> -->
15    <uses-permission android:name="android.permission.ACCESS_NETWORK_STATE" />
15-->[com.google.firebase:firebase-database:19.2.0] AndroidManifest.xml:25:5-79
15-->[com.google.firebase:firebase-database:19.2.0] AndroidManifest.xml:25:22-76
16
17    <application
17-->src/main/AndroidManifest.xml:7:5-54:19
18        android:allowBackup="true"
18-->src/main/AndroidManifest.xml:8:9-35
19        android:appComponentFactory="androidx.core.app.CoreComponentFactory"
19-->[androidx.core:core:1.0.1] AndroidManifest.xml:22:18-86
20        android:debuggable="true"
21        android:icon="@drawable/logoo"
21-->src/main/AndroidManifest.xml:9:9-39
22        android:label="@string/app_name"
22-->src/main/AndroidManifest.xml:10:9-41
23        android:roundIcon="@drawable/logoo"
23-->src/main/AndroidManifest.xml:11:9-44
24        android:supportsRtl="true"
24-->src/main/AndroidManifest.xml:12:9-35
25        android:testOnly="true"
26        android:theme="@style/AppTheme" >
26-->src/main/AndroidManifest.xml:13:9-40
27        <activity android:name="com.example.diabeticguard.Foot" />
27-->src/main/AndroidManifest.xml:14:9-51
27-->src/main/AndroidManifest.xml:14:19-39
28        <activity
28-->src/main/AndroidManifest.xml:15:9-17:42
29            android:name="com.example.diabeticguard.daily_care"
29-->src/main/AndroidManifest.xml:16:13-39
30            android:label="Daily Care" />
30-->src/main/AndroidManifest.xml:17:13-39
31        <activity
31-->src/main/AndroidManifest.xml:18:9-20:44
32            android:name="com.example.diabeticguard.laboratory"
32-->src/main/AndroidManifest.xml:19:13-39
33            android:label="Analysis Lab" />
33-->src/main/AndroidManifest.xml:20:13-41
34        <activity
34-->src/main/AndroidManifest.xml:21:9-23:46
35            android:name="com.example.diabeticguard.blood_pressure"
35-->src/main/AndroidManifest.xml:22:13-43
36            android:label="Blood Pressure" />
36-->src/main/AndroidManifest.xml:23:13-43
37        <activity
37-->src/main/AndroidManifest.xml:24:9-26:39
38            android:name="com.example.diabeticguard.addmedication"
38-->src/main/AndroidManifest.xml:25:13-42
39            android:label="Add New" />
39-->src/main/AndroidManifest.xml:26:13-36
40        <activity
40-->src/main/AndroidManifest.xml:27:9-29:53
41            android:name="com.example.diabeticguard.medication"
41-->src/main/AndroidManifest.xml:28:13-39
42            android:label="Clinicians/Medication" />
42-->src/main/AndroidManifest.xml:29:13-50
43        <activity android:name="com.example.diabeticguard.video" />
43-->src/main/AndroidManifest.xml:30:9-43
43-->src/main/AndroidManifest.xml:30:19-40
44        <activity
44-->src/main/AndroidManifest.xml:31:9-33:51
45            android:name="com.example.diabeticguard.ask_without_picture"
45-->src/main/AndroidManifest.xml:32:13-48
46            android:label="Ask without picture" />
46-->src/main/AndroidManifest.xml:33:13-48
47        <activity
47-->src/main/AndroidManifest.xml:34:9-36:44
48            android:name="com.example.diabeticguard.takepicture"
48-->src/main/AndroidManifest.xml:35:13-40
49            android:label="Take picture" />
49-->src/main/AndroidManifest.xml:36:13-41
50        <activity
50-->src/main/AndroidManifest.xml:37:9-39:37
51            android:name="com.example.diabeticguard.food"
51-->src/main/AndroidManifest.xml:38:13-33
52            android:label="Foods" />
52-->src/main/AndroidManifest.xml:39:13-34
53        <activity
53-->src/main/AndroidManifest.xml:40:9-42:44
54            android:name="com.example.diabeticguard.Main4Activity"
54-->src/main/AndroidManifest.xml:41:13-42
55            android:label="User Profile" />
55-->src/main/AndroidManifest.xml:42:13-41
56        <activity android:name="com.example.diabeticguard.Main3Activity" />
56-->src/main/AndroidManifest.xml:43:9-51
56-->src/main/AndroidManifest.xml:43:19-48
57        <activity
57-->src/main/AndroidManifest.xml:44:9-46:37
58            android:name="com.example.diabeticguard.Main2Activity"
58-->src/main/AndroidManifest.xml:45:13-42
59            android:label="Login" />
59-->src/main/AndroidManifest.xml:46:13-34
60        <activity android:name="com.example.diabeticguard.MainActivity" >
60-->src/main/AndroidManifest.xml:47:9-53:20
60-->src/main/AndroidManifest.xml:47:19-47
61            <intent-filter>
61-->src/main/AndroidManifest.xml:48:13-52:29
62                <action android:name="android.intent.action.MAIN" />
62-->src/main/AndroidManifest.xml:49:17-69
62-->src/main/AndroidManifest.xml:49:25-66
63
64                <category android:name="android.intent.category.LAUNCHER" />
64-->src/main/AndroidManifest.xml:51:17-77
64-->src/main/AndroidManifest.xml:51:27-74
65            </intent-filter>
66        </activity>
67
68        <service
68-->[com.google.firebase:firebase-database:19.2.0] AndroidManifest.xml:29:9-35:19
69            android:name="com.google.firebase.components.ComponentDiscoveryService"
69-->[com.google.firebase:firebase-database:19.2.0] AndroidManifest.xml:30:13-84
70            android:directBootAware="true"
70-->[com.google.firebase:firebase-common:19.2.0] AndroidManifest.xml:15:13-43
71            android:exported="false" >
71-->[com.google.firebase:firebase-database:19.2.0] AndroidManifest.xml:31:13-37
72            <meta-data
72-->[com.google.firebase:firebase-database:19.2.0] AndroidManifest.xml:32:13-34:85
73                android:name="com.google.firebase.components:com.google.firebase.database.DatabaseRegistrar"
73-->[com.google.firebase:firebase-database:19.2.0] AndroidManifest.xml:33:17-109
74                android:value="com.google.firebase.components.ComponentRegistrar" />
74-->[com.google.firebase:firebase-database:19.2.0] AndroidManifest.xml:34:17-82
75        </service>
76
77        <activity
77-->[com.google.android.gms:play-services-base:17.0.0] AndroidManifest.xml:23:9-26:75
78            android:name="com.google.android.gms.common.api.GoogleApiActivity"
78-->[com.google.android.gms:play-services-base:17.0.0] AndroidManifest.xml:24:13-79
79            android:exported="false"
79-->[com.google.android.gms:play-services-base:17.0.0] AndroidManifest.xml:25:13-37
80            android:theme="@android:style/Theme.Translucent.NoTitleBar" />
80-->[com.google.android.gms:play-services-base:17.0.0] AndroidManifest.xml:26:13-72
81
82        <provider
82-->[com.google.firebase:firebase-common:19.2.0] AndroidManifest.xml:19:9-23:39
83            android:name="com.google.firebase.provider.FirebaseInitProvider"
83-->[com.google.firebase:firebase-common:19.2.0] AndroidManifest.xml:20:13-77
84            android:authorities="com.example.diabeticguard.firebaseinitprovider"
84-->[com.google.firebase:firebase-common:19.2.0] AndroidManifest.xml:21:13-72
85            android:exported="false"
85-->[com.google.firebase:firebase-common:19.2.0] AndroidManifest.xml:22:13-37
86            android:initOrder="100" />
86-->[com.google.firebase:firebase-common:19.2.0] AndroidManifest.xml:23:13-36
87
88        <meta-data
88-->[com.google.android.gms:play-services-basement:17.0.0] AndroidManifest.xml:23:9-25:69
89            android:name="com.google.android.gms.version"
89-->[com.google.android.gms:play-services-basement:17.0.0] AndroidManifest.xml:24:13-58
90            android:value="@integer/google_play_services_version" />
90-->[com.google.android.gms:play-services-basement:17.0.0] AndroidManifest.xml:25:13-66
91    </application>
92
93</manifest>